** Message: 18:52:01.044: configModel.vala:289: Loading Config: "/home/andydz/.config/swaync/config.json"

** (swaync:3493): CRITICAL **: 18:52:01.044: configModel.vala:310: /home/andydz/.config/swaync/config.json:118:8: Parse error: unexpected character `,', expected character `]'
** Message: 18:52:01.044: functions.vala:86: Loading CSS: "/etc/xdg/swaync/style.css"
** Message: 18:52:01.044: functions.vala:100: Loading CSS: "/home/andydz/.config/swaync/style.css"

** (swaync:3493): CRITICAL **: 18:52:01.047: baseWidget.vala:48: title: Config not found! Using default config...

** Message: 18:52:01.047: factory.vala:44: Loading widget: title

** (swaync:3493): CRITICAL **: 18:52:01.047: baseWidget.vala:48: dnd: Config not found! Using default config...

** Message: 18:52:01.047: factory.vala:44: Loading widget: dnd
** Message: 18:52:42.044: configModel.vala:289: Loading Config: "/home/andydz/.config/swaync/config.json"

** (swaync:3600): CRITICAL **: 18:52:42.045: configModel.vala:310: /home/andydz/.config/swaync/config.json:120:1: Parse error: unexpected character `}', expected string constant
** Message: 18:52:42.045: functions.vala:86: Loading CSS: "/etc/xdg/swaync/style.css"
** Message: 18:52:42.045: functions.vala:100: Loading CSS: "/home/andydz/.config/swaync/style.css"

** (swaync:3600): CRITICAL **: 18:52:42.048: baseWidget.vala:48: title: Config not found! Using default config...

** Message: 18:52:42.048: factory.vala:44: Loading widget: title

** (swaync:3600): CRITICAL **: 18:52:42.048: baseWidget.vala:48: dnd: Config not found! Using default config...

** Message: 18:52:42.048: factory.vala:44: Loading widget: dnd
** Message: 18:54:16.372: configModel.vala:289: Loading Config: "/home/andydz/.config/swaync/config.json"
** Message: 18:54:16.372: functions.vala:86: Loading CSS: "/etc/xdg/swaync/style.css"
** Message: 18:54:16.373: functions.vala:100: Loading CSS: "/home/andydz/.config/swaync/style.css"
** Message: 18:54:16.376: factory.vala:44: Loading widget: menubar
** Message: 18:54:16.376: factory.vala:44: Loading widget: buttons-grid
** Message: 18:54:16.378: factory.vala:44: Loading widget: backlight
** Message: 18:54:16.378: factory.vala:44: Loading widget: volume
** Message: 18:54:16.382: factory.vala:44: Loading widget: mpris
** Message: 18:54:16.382: factory.vala:44: Loading widget: title
** Message: 18:54:16.382: factory.vala:44: Loading widget: dnd
** Message: 18:56:49.402: configModel.vala:289: Loading Config: "/home/andydz/.config/swaync/config.json"
** Message: 18:56:49.402: functions.vala:86: Loading CSS: "/etc/xdg/swaync/style.css"
** Message: 18:56:49.403: functions.vala:100: Loading CSS: "/home/andydz/.config/swaync/style.css"
** Message: 18:56:49.406: factory.vala:44: Loading widget: menubar
** Message: 18:56:49.406: factory.vala:44: Loading widget: buttons-grid
** Message: 18:56:49.408: factory.vala:44: Loading widget: backlight
** Message: 18:56:49.408: factory.vala:44: Loading widget: volume
** Message: 18:56:49.412: factory.vala:44: Loading widget: mpris
** Message: 18:56:49.412: factory.vala:44: Loading widget: title
** Message: 18:56:49.412: factory.vala:44: Loading widget: dnd
** Message: 18:57:12.615: configModel.vala:289: Loading Config: "/home/andydz/.config/swaync/config.json"
** Message: 18:57:12.615: functions.vala:86: Loading CSS: "/etc/xdg/swaync/style.css"
** Message: 18:57:12.616: functions.vala:100: Loading CSS: "/home/andydz/.config/swaync/style.css"
** Message: 18:57:12.619: factory.vala:44: Loading widget: menubar
** Message: 18:57:12.619: factory.vala:44: Loading widget: buttons-grid
** Message: 18:57:12.621: factory.vala:44: Loading widget: backlight
** Message: 18:57:12.621: factory.vala:44: Loading widget: volume
** Message: 18:57:12.625: factory.vala:44: Loading widget: mpris
** Message: 18:57:12.625: factory.vala:44: Loading widget: title
** Message: 18:57:12.625: factory.vala:44: Loading widget: dnd
** Message: 18:58:02.447: configModel.vala:289: Loading Config: "/home/andydz/.config/swaync/config.json"
** Message: 18:58:02.447: functions.vala:86: Loading CSS: "/etc/xdg/swaync/style.css"
** Message: 18:58:02.448: functions.vala:100: Loading CSS: "/home/andydz/.config/swaync/style.css"
** Message: 18:58:02.451: factory.vala:44: Loading widget: menubar
** Message: 18:58:02.453: factory.vala:44: Loading widget: backlight
** Message: 18:58:02.453: factory.vala:44: Loading widget: volume
** Message: 18:58:02.458: factory.vala:44: Loading widget: mpris
** Message: 18:58:02.458: factory.vala:44: Loading widget: title
** Message: 18:58:02.458: factory.vala:44: Loading widget: dnd
** Message: 18:59:44.042: configModel.vala:289: Loading Config: "/home/andydz/.config/swaync/config.json"
** Message: 18:59:44.042: functions.vala:86: Loading CSS: "/etc/xdg/swaync/style.css"
** Message: 18:59:44.043: functions.vala:100: Loading CSS: "/home/andydz/.config/swaync/style.css"
** Message: 18:59:44.046: factory.vala:44: Loading widget: menubar
** Message: 18:59:44.047: factory.vala:44: Loading widget: backlight
** Message: 18:59:44.048: factory.vala:44: Loading widget: volume
** Message: 18:59:44.053: factory.vala:44: Loading widget: mpris
** Message: 18:59:44.053: factory.vala:44: Loading widget: title
** Message: 18:59:44.053: factory.vala:44: Loading widget: dnd
** Message: 19:00:29.547: configModel.vala:289: Loading Config: "/home/andydz/.config/swaync/config.json"
** Message: 19:00:29.547: functions.vala:86: Loading CSS: "/etc/xdg/swaync/style.css"
** Message: 19:00:29.548: functions.vala:100: Loading CSS: "/home/andydz/.config/swaync/style.css"
** Message: 19:00:29.551: factory.vala:44: Loading widget: menubar
** Message: 19:00:29.553: factory.vala:44: Loading widget: backlight
** Message: 19:00:29.553: factory.vala:44: Loading widget: volume
** Message: 19:00:29.557: factory.vala:44: Loading widget: mpris
** Message: 19:00:29.557: factory.vala:44: Loading widget: title
** Message: 19:00:29.557: factory.vala:44: Loading widget: dnd
Gdk-Message: 19:02:51.319: Error reading events from display: Broken pipe
