[2025-03-03 15:12:15.654] [info] Using configuration file /home/andydz/.config/waybar/config.jsonc
[2025-03-03 15:12:15.656] [info] Unable to receive desktop appearance: GDBus.Error:org.freedesktop.DBus.Error.UnknownMethod: No such interface “org.freedesktop.portal.Settings” on object at path /org/freedesktop/portal/desktop
[2025-03-03 15:12:15.656] [info] Using CSS file /home/andydz/.config/waybar/style.css

(waybar:6061): Gtk-WARNING **: 15:12:15.656: Theme parsing error: style.css:21:19: Not using units is deprecated. Assuming 'px'.

(waybar:6061): Gtk-WARNING **: 15:12:15.656: Theme parsing error: style.css:22:20: Not using units is deprecated. Assuming 'px'.
[2025-03-03 15:12:15.659] [info] Hyprland IPC starting
[2025-03-03 15:12:15.659] [info] Loading persistent workspaces from Hyprland workspace rules
[2025-03-03 15:12:15.663] [warning] module swaync: Unknown module: swaync
[2025-03-03 15:12:15.676] [info] Bar configured (width: 1920, height: 35) for output: eDP-1
Updated device 'intel_backlight':
Device 'intel_backlight' of class 'backlight':
	Current brightness: 15936 (83%)
	Max brightness: 19200

Updated device 'intel_backlight':
Device 'intel_backlight' of class 'backlight':
	Current brightness: 16896 (88%)
	Max brightness: 19200

Updated device 'intel_backlight':
Device 'intel_backlight' of class 'backlight':
	Current brightness: 17856 (93%)
	Max brightness: 19200

Updated device 'intel_backlight':
Device 'intel_backlight' of class 'backlight':
	Current brightness: 18816 (98%)
	Max brightness: 19200

Updated device 'intel_backlight':
Device 'intel_backlight' of class 'backlight':
	Current brightness: 19200 (100%)
	Max brightness: 19200

Updated device 'intel_backlight':
Device 'intel_backlight' of class 'backlight':
	Current brightness: 19200 (100%)
	Max brightness: 19200

Updated device 'intel_backlight':
Device 'intel_backlight' of class 'backlight':
	Current brightness: 19200 (100%)
	Max brightness: 19200

Updated device 'intel_backlight':
Device 'intel_backlight' of class 'backlight':
	Current brightness: 19200 (100%)
	Max brightness: 19200

Updated device 'intel_backlight':
Device 'intel_backlight' of class 'backlight':
	Current brightness: 19200 (100%)
	Max brightness: 19200

Updated device 'intel_backlight':
Device 'intel_backlight' of class 'backlight':
	Current brightness: 19200 (100%)
	Max brightness: 19200

Updated device 'intel_backlight':
Device 'intel_backlight' of class 'backlight':
	Current brightness: 19200 (100%)
	Max brightness: 19200

Updated device 'intel_backlight':
Device 'intel_backlight' of class 'backlight':
	Current brightness: 19200 (100%)
	Max brightness: 19200

Updated device 'intel_backlight':
Device 'intel_backlight' of class 'backlight':
	Current brightness: 19200 (100%)
	Max brightness: 19200

Updated device 'intel_backlight':
Device 'intel_backlight' of class 'backlight':
	Current brightness: 19200 (100%)
	Max brightness: 19200

Updated device 'intel_backlight':
Device 'intel_backlight' of class 'backlight':
	Current brightness: 19200 (100%)
	Max brightness: 19200

Updated device 'intel_backlight':
Device 'intel_backlight' of class 'backlight':
	Current brightness: 19200 (100%)
	Max brightness: 19200

Updated device 'intel_backlight':
Device 'intel_backlight' of class 'backlight':
	Current brightness: 19200 (100%)
	Max brightness: 19200

Updated device 'intel_backlight':
Device 'intel_backlight' of class 'backlight':
	Current brightness: 19200 (100%)
	Max brightness: 19200

Updated device 'intel_backlight':
Device 'intel_backlight' of class 'backlight':
	Current brightness: 19200 (100%)
	Max brightness: 19200

Updated device 'intel_backlight':
Device 'intel_backlight' of class 'backlight':
	Current brightness: 19200 (100%)
	Max brightness: 19200

Updated device 'intel_backlight':
Device 'intel_backlight' of class 'backlight':
	Current brightness: 19200 (100%)
	Max brightness: 19200

Updated device 'intel_backlight':
Device 'intel_backlight' of class 'backlight':
	Current brightness: 19200 (100%)
	Max brightness: 19200

Updated device 'intel_backlight':
Device 'intel_backlight' of class 'backlight':
	Current brightness: 19200 (100%)
	Max brightness: 19200

Updated device 'intel_backlight':
Device 'intel_backlight' of class 'backlight':
	Current brightness: 19200 (100%)
	Max brightness: 19200

Updated device 'intel_backlight':
Device 'intel_backlight' of class 'backlight':
	Current brightness: 19200 (100%)
	Max brightness: 19200

Updated device 'intel_backlight':
Device 'intel_backlight' of class 'backlight':
	Current brightness: 19200 (100%)
	Max brightness: 19200

Updated device 'intel_backlight':
Device 'intel_backlight' of class 'backlight':
	Current brightness: 19200 (100%)
	Max brightness: 19200

Updated device 'intel_backlight':
Device 'intel_backlight' of class 'backlight':
	Current brightness: 19200 (100%)
	Max brightness: 19200

Updated device 'intel_backlight':
Device 'intel_backlight' of class 'backlight':
	Current brightness: 19200 (100%)
	Max brightness: 19200

Updated device 'intel_backlight':
Device 'intel_backlight' of class 'backlight':
	Current brightness: 19200 (100%)
	Max brightness: 19200

Updated device 'intel_backlight':
Device 'intel_backlight' of class 'backlight':
	Current brightness: 19200 (100%)
	Max brightness: 19200

Updated device 'intel_backlight':
Device 'intel_backlight' of class 'backlight':
	Current brightness: 19200 (100%)
	Max brightness: 19200

Updated device 'intel_backlight':
Device 'intel_backlight' of class 'backlight':
	Current brightness: 19200 (100%)
	Max brightness: 19200

Updated device 'intel_backlight':
Device 'intel_backlight' of class 'backlight':
	Current brightness: 19200 (100%)
	Max brightness: 19200

Updated device 'intel_backlight':
Device 'intel_backlight' of class 'backlight':
	Current brightness: 19200 (100%)
	Max brightness: 19200

Updated device 'intel_backlight':
Device 'intel_backlight' of class 'backlight':
	Current brightness: 19200 (100%)
	Max brightness: 19200

Updated device 'intel_backlight':
Device 'intel_backlight' of class 'backlight':
	Current brightness: 19200 (100%)
	Max brightness: 19200

Updated device 'intel_backlight':
Device 'intel_backlight' of class 'backlight':
	Current brightness: 19200 (100%)
	Max brightness: 19200

Updated device 'intel_backlight':
Device 'intel_backlight' of class 'backlight':
	Current brightness: 19200 (100%)
	Max brightness: 19200

Updated device 'intel_backlight':
Device 'intel_backlight' of class 'backlight':
	Current brightness: 19200 (100%)
	Max brightness: 19200

Updated device 'intel_backlight':
Device 'intel_backlight' of class 'backlight':
	Current brightness: 19200 (100%)
	Max brightness: 19200

Updated device 'intel_backlight':
Device 'intel_backlight' of class 'backlight':
	Current brightness: 19200 (100%)
	Max brightness: 19200

Updated device 'intel_backlight':
Device 'intel_backlight' of class 'backlight':
	Current brightness: 19200 (100%)
	Max brightness: 19200

Updated device 'intel_backlight':
Device 'intel_backlight' of class 'backlight':
	Current brightness: 19200 (100%)
	Max brightness: 19200

Updated device 'intel_backlight':
Device 'intel_backlight' of class 'backlight':
	Current brightness: 19200 (100%)
	Max brightness: 19200

Updated device 'intel_backlight':
Device 'intel_backlight' of class 'backlight':
	Current brightness: 19200 (100%)
	Max brightness: 19200

Updated device 'intel_backlight':
Device 'intel_backlight' of class 'backlight':
	Current brightness: 19200 (100%)
	Max brightness: 19200

Updated device 'intel_backlight':
Device 'intel_backlight' of class 'backlight':
	Current brightness: 19200 (100%)
	Max brightness: 19200

Updated device 'intel_backlight':
Device 'intel_backlight' of class 'backlight':
	Current brightness: 19200 (100%)
	Max brightness: 19200

Updated device 'intel_backlight':
Device 'intel_backlight' of class 'backlight':
	Current brightness: 19200 (100%)
	Max brightness: 19200

Updated device 'intel_backlight':
Device 'intel_backlight' of class 'backlight':
	Current brightness: 19200 (100%)
	Max brightness: 19200

Updated device 'intel_backlight':
Device 'intel_backlight' of class 'backlight':
	Current brightness: 19200 (100%)
	Max brightness: 19200

Updated device 'intel_backlight':
Device 'intel_backlight' of class 'backlight':
	Current brightness: 19200 (100%)
	Max brightness: 19200

Updated device 'intel_backlight':
Device 'intel_backlight' of class 'backlight':
	Current brightness: 19200 (100%)
	Max brightness: 19200

Updated device 'intel_backlight':
Device 'intel_backlight' of class 'backlight':
	Current brightness: 19200 (100%)
	Max brightness: 19200

Updated device 'intel_backlight':
Device 'intel_backlight' of class 'backlight':
	Current brightness: 19200 (100%)
	Max brightness: 19200

Updated device 'intel_backlight':
Device 'intel_backlight' of class 'backlight':
	Current brightness: 19200 (100%)
	Max brightness: 19200

Updated device 'intel_backlight':
Device 'intel_backlight' of class 'backlight':
	Current brightness: 19200 (100%)
	Max brightness: 19200

Updated device 'intel_backlight':
Device 'intel_backlight' of class 'backlight':
	Current brightness: 19200 (100%)
	Max brightness: 19200

Updated device 'intel_backlight':
Device 'intel_backlight' of class 'backlight':
	Current brightness: 19200 (100%)
	Max brightness: 19200

Updated device 'intel_backlight':
Device 'intel_backlight' of class 'backlight':
	Current brightness: 19200 (100%)
	Max brightness: 19200

Updated device 'intel_backlight':
Device 'intel_backlight' of class 'backlight':
	Current brightness: 19200 (100%)
	Max brightness: 19200

Updated device 'intel_backlight':
Device 'intel_backlight' of class 'backlight':
	Current brightness: 19200 (100%)
	Max brightness: 19200

Updated device 'intel_backlight':
Device 'intel_backlight' of class 'backlight':
	Current brightness: 19200 (100%)
	Max brightness: 19200

Updated device 'intel_backlight':
Device 'intel_backlight' of class 'backlight':
	Current brightness: 19200 (100%)
	Max brightness: 19200

Updated device 'intel_backlight':
Device 'intel_backlight' of class 'backlight':
	Current brightness: 19200 (100%)
	Max brightness: 19200

Updated device 'intel_backlight':
Device 'intel_backlight' of class 'backlight':
	Current brightness: 19200 (100%)
	Max brightness: 19200

Updated device 'intel_backlight':
Device 'intel_backlight' of class 'backlight':
	Current brightness: 18240 (95%)
	Max brightness: 19200

Updated device 'intel_backlight':
Device 'intel_backlight' of class 'backlight':
	Current brightness: 17280 (90%)
	Max brightness: 19200

Updated device 'intel_backlight':
Device 'intel_backlight' of class 'backlight':
	Current brightness: 16320 (85%)
	Max brightness: 19200

Updated device 'intel_backlight':
Device 'intel_backlight' of class 'backlight':
	Current brightness: 15360 (80%)
	Max brightness: 19200

Updated device 'intel_backlight':
Device 'intel_backlight' of class 'backlight':
	Current brightness: 14400 (75%)
	Max brightness: 19200

Updated device 'intel_backlight':
Device 'intel_backlight' of class 'backlight':
	Current brightness: 13440 (70%)
	Max brightness: 19200

Updated device 'intel_backlight':
Device 'intel_backlight' of class 'backlight':
	Current brightness: 12480 (65%)
	Max brightness: 19200

Updated device 'intel_backlight':
Device 'intel_backlight' of class 'backlight':
	Current brightness: 11520 (60%)
	Max brightness: 19200

Updated device 'intel_backlight':
Device 'intel_backlight' of class 'backlight':
	Current brightness: 10560 (55%)
	Max brightness: 19200

Updated device 'intel_backlight':
Device 'intel_backlight' of class 'backlight':
	Current brightness: 9600 (50%)
	Max brightness: 19200

Updated device 'intel_backlight':
Device 'intel_backlight' of class 'backlight':
	Current brightness: 8640 (45%)
	Max brightness: 19200

Updated device 'intel_backlight':
Device 'intel_backlight' of class 'backlight':
	Current brightness: 7680 (40%)
	Max brightness: 19200

Updated device 'intel_backlight':
Device 'intel_backlight' of class 'backlight':
	Current brightness: 6720 (35%)
	Max brightness: 19200

Updated device 'intel_backlight':
Device 'intel_backlight' of class 'backlight':
	Current brightness: 5760 (30%)
	Max brightness: 19200

Updated device 'intel_backlight':
Device 'intel_backlight' of class 'backlight':
	Current brightness: 4800 (25%)
	Max brightness: 19200

Updated device 'intel_backlight':
Device 'intel_backlight' of class 'backlight':
	Current brightness: 3840 (20%)
	Max brightness: 19200

Updated device 'intel_backlight':
Device 'intel_backlight' of class 'backlight':
	Current brightness: 2880 (15%)
	Max brightness: 19200

Updated device 'intel_backlight':
Device 'intel_backlight' of class 'backlight':
	Current brightness: 1920 (10%)
	Max brightness: 19200

Updated device 'intel_backlight':
Device 'intel_backlight' of class 'backlight':
	Current brightness: 960 (5%)
	Max brightness: 19200

Updated device 'intel_backlight':
Device 'intel_backlight' of class 'backlight':
	Current brightness: 0 (0%)
	Max brightness: 19200

Updated device 'intel_backlight':
Device 'intel_backlight' of class 'backlight':
	Current brightness: 0 (0%)
	Max brightness: 19200

Updated device 'intel_backlight':
Device 'intel_backlight' of class 'backlight':
	Current brightness: 0 (0%)
	Max brightness: 19200

Updated device 'intel_backlight':
Device 'intel_backlight' of class 'backlight':
	Current brightness: 960 (5%)
	Max brightness: 19200

Updated device 'intel_backlight':
Device 'intel_backlight' of class 'backlight':
	Current brightness: 1920 (10%)
	Max brightness: 19200

Updated device 'intel_backlight':
Device 'intel_backlight' of class 'backlight':
	Current brightness: 2880 (15%)
	Max brightness: 19200

Updated device 'intel_backlight':
Device 'intel_backlight' of class 'backlight':
	Current brightness: 3840 (20%)
	Max brightness: 19200

Updated device 'intel_backlight':
Device 'intel_backlight' of class 'backlight':
	Current brightness: 4800 (25%)
	Max brightness: 19200

Updated device 'intel_backlight':
Device 'intel_backlight' of class 'backlight':
	Current brightness: 5760 (30%)
	Max brightness: 19200

Updated device 'intel_backlight':
Device 'intel_backlight' of class 'backlight':
	Current brightness: 6720 (35%)
	Max brightness: 19200

Updated device 'intel_backlight':
Device 'intel_backlight' of class 'backlight':
	Current brightness: 7680 (40%)
	Max brightness: 19200

Updated device 'intel_backlight':
Device 'intel_backlight' of class 'backlight':
	Current brightness: 8640 (45%)
	Max brightness: 19200

Updated device 'intel_backlight':
Device 'intel_backlight' of class 'backlight':
	Current brightness: 9600 (50%)
	Max brightness: 19200

Updated device 'intel_backlight':
Device 'intel_backlight' of class 'backlight':
	Current brightness: 10560 (55%)
	Max brightness: 19200

Updated device 'intel_backlight':
Device 'intel_backlight' of class 'backlight':
	Current brightness: 11520 (60%)
	Max brightness: 19200

Updated device 'intel_backlight':
Device 'intel_backlight' of class 'backlight':
	Current brightness: 12480 (65%)
	Max brightness: 19200

Updated device 'intel_backlight':
Device 'intel_backlight' of class 'backlight':
	Current brightness: 13440 (70%)
	Max brightness: 19200

Updated device 'intel_backlight':
Device 'intel_backlight' of class 'backlight':
	Current brightness: 14400 (75%)
	Max brightness: 19200

Updated device 'intel_backlight':
Device 'intel_backlight' of class 'backlight':
	Current brightness: 15360 (80%)
	Max brightness: 19200

Updated device 'intel_backlight':
Device 'intel_backlight' of class 'backlight':
	Current brightness: 16320 (85%)
	Max brightness: 19200

Updated device 'intel_backlight':
Device 'intel_backlight' of class 'backlight':
	Current brightness: 17280 (90%)
	Max brightness: 19200

Updated device 'intel_backlight':
Device 'intel_backlight' of class 'backlight':
	Current brightness: 18240 (95%)
	Max brightness: 19200

Updated device 'intel_backlight':
Device 'intel_backlight' of class 'backlight':
	Current brightness: 19200 (100%)
	Max brightness: 19200

Updated device 'intel_backlight':
Device 'intel_backlight' of class 'backlight':
	Current brightness: 19200 (100%)
	Max brightness: 19200

Updated device 'intel_backlight':
Device 'intel_backlight' of class 'backlight':
	Current brightness: 19200 (100%)
	Max brightness: 19200

Updated device 'intel_backlight':
Device 'intel_backlight' of class 'backlight':
	Current brightness: 19200 (100%)
	Max brightness: 19200

Updated device 'intel_backlight':
Device 'intel_backlight' of class 'backlight':
	Current brightness: 19200 (100%)
	Max brightness: 19200

Updated device 'intel_backlight':
Device 'intel_backlight' of class 'backlight':
	Current brightness: 19200 (100%)
	Max brightness: 19200

Updated device 'intel_backlight':
Device 'intel_backlight' of class 'backlight':
	Current brightness: 19200 (100%)
	Max brightness: 19200

Updated device 'intel_backlight':
Device 'intel_backlight' of class 'backlight':
	Current brightness: 19200 (100%)
	Max brightness: 19200

Updated device 'intel_backlight':
Device 'intel_backlight' of class 'backlight':
	Current brightness: 19200 (100%)
	Max brightness: 19200

Updated device 'intel_backlight':
Device 'intel_backlight' of class 'backlight':
	Current brightness: 19200 (100%)
	Max brightness: 19200

Updated device 'intel_backlight':
Device 'intel_backlight' of class 'backlight':
	Current brightness: 19200 (100%)
	Max brightness: 19200

Updated device 'intel_backlight':
Device 'intel_backlight' of class 'backlight':
	Current brightness: 19200 (100%)
	Max brightness: 19200

Updated device 'intel_backlight':
Device 'intel_backlight' of class 'backlight':
	Current brightness: 19200 (100%)
	Max brightness: 19200

Updated device 'intel_backlight':
Device 'intel_backlight' of class 'backlight':
	Current brightness: 19200 (100%)
	Max brightness: 19200

Updated device 'intel_backlight':
Device 'intel_backlight' of class 'backlight':
	Current brightness: 19200 (100%)
	Max brightness: 19200

Updated device 'intel_backlight':
Device 'intel_backlight' of class 'backlight':
	Current brightness: 19200 (100%)
	Max brightness: 19200

Updated device 'intel_backlight':
Device 'intel_backlight' of class 'backlight':
	Current brightness: 19200 (100%)
	Max brightness: 19200

Updated device 'intel_backlight':
Device 'intel_backlight' of class 'backlight':
	Current brightness: 19200 (100%)
	Max brightness: 19200

Updated device 'intel_backlight':
Device 'intel_backlight' of class 'backlight':
	Current brightness: 19200 (100%)
	Max brightness: 19200

Updated device 'intel_backlight':
Device 'intel_backlight' of class 'backlight':
	Current brightness: 19200 (100%)
	Max brightness: 19200

Updated device 'intel_backlight':
Device 'intel_backlight' of class 'backlight':
	Current brightness: 19200 (100%)
	Max brightness: 19200

Updated device 'intel_backlight':
Device 'intel_backlight' of class 'backlight':
	Current brightness: 19200 (100%)
	Max brightness: 19200

Updated device 'intel_backlight':
Device 'intel_backlight' of class 'backlight':
	Current brightness: 19200 (100%)
	Max brightness: 19200

Updated device 'intel_backlight':
Device 'intel_backlight' of class 'backlight':
	Current brightness: 19200 (100%)
	Max brightness: 19200

Updated device 'intel_backlight':
Device 'intel_backlight' of class 'backlight':
	Current brightness: 19200 (100%)
	Max brightness: 19200

Updated device 'intel_backlight':
Device 'intel_backlight' of class 'backlight':
	Current brightness: 19200 (100%)
	Max brightness: 19200

Updated device 'intel_backlight':
Device 'intel_backlight' of class 'backlight':
	Current brightness: 19200 (100%)
	Max brightness: 19200

Updated device 'intel_backlight':
Device 'intel_backlight' of class 'backlight':
	Current brightness: 19200 (100%)
	Max brightness: 19200

Updated device 'intel_backlight':
Device 'intel_backlight' of class 'backlight':
	Current brightness: 19200 (100%)
	Max brightness: 19200

Updated device 'intel_backlight':
Device 'intel_backlight' of class 'backlight':
	Current brightness: 19200 (100%)
	Max brightness: 19200

Updated device 'intel_backlight':
Device 'intel_backlight' of class 'backlight':
	Current brightness: 19200 (100%)
	Max brightness: 19200

Updated device 'intel_backlight':
Device 'intel_backlight' of class 'backlight':
	Current brightness: 19200 (100%)
	Max brightness: 19200

Updated device 'intel_backlight':
Device 'intel_backlight' of class 'backlight':
	Current brightness: 19200 (100%)
	Max brightness: 19200

Updated device 'intel_backlight':
Device 'intel_backlight' of class 'backlight':
	Current brightness: 19200 (100%)
	Max brightness: 19200

Updated device 'intel_backlight':
Device 'intel_backlight' of class 'backlight':
	Current brightness: 19200 (100%)
	Max brightness: 19200

Updated device 'intel_backlight':
Device 'intel_backlight' of class 'backlight':
	Current brightness: 19200 (100%)
	Max brightness: 19200

Updated device 'intel_backlight':
Device 'intel_backlight' of class 'backlight':
	Current brightness: 19200 (100%)
	Max brightness: 19200

Updated device 'intel_backlight':
Device 'intel_backlight' of class 'backlight':
	Current brightness: 19200 (100%)
	Max brightness: 19200

Updated device 'intel_backlight':
Device 'intel_backlight' of class 'backlight':
	Current brightness: 19200 (100%)
	Max brightness: 19200

Updated device 'intel_backlight':
Device 'intel_backlight' of class 'backlight':
	Current brightness: 19200 (100%)
	Max brightness: 19200

Updated device 'intel_backlight':
Device 'intel_backlight' of class 'backlight':
	Current brightness: 19200 (100%)
	Max brightness: 19200

Updated device 'intel_backlight':
Device 'intel_backlight' of class 'backlight':
	Current brightness: 19200 (100%)
	Max brightness: 19200

Updated device 'intel_backlight':
Device 'intel_backlight' of class 'backlight':
	Current brightness: 19200 (100%)
	Max brightness: 19200

Updated device 'intel_backlight':
Device 'intel_backlight' of class 'backlight':
	Current brightness: 19200 (100%)
	Max brightness: 19200

Updated device 'intel_backlight':
Device 'intel_backlight' of class 'backlight':
	Current brightness: 19200 (100%)
	Max brightness: 19200

Updated device 'intel_backlight':
Device 'intel_backlight' of class 'backlight':
	Current brightness: 19200 (100%)
	Max brightness: 19200

Updated device 'intel_backlight':
Device 'intel_backlight' of class 'backlight':
	Current brightness: 19200 (100%)
	Max brightness: 19200

Updated device 'intel_backlight':
Device 'intel_backlight' of class 'backlight':
	Current brightness: 19200 (100%)
	Max brightness: 19200

Updated device 'intel_backlight':
Device 'intel_backlight' of class 'backlight':
	Current brightness: 19200 (100%)
	Max brightness: 19200

Updated device 'intel_backlight':
Device 'intel_backlight' of class 'backlight':
	Current brightness: 18240 (95%)
	Max brightness: 19200

Updated device 'intel_backlight':
Device 'intel_backlight' of class 'backlight':
	Current brightness: 17280 (90%)
	Max brightness: 19200

Updated device 'intel_backlight':
Device 'intel_backlight' of class 'backlight':
	Current brightness: 16320 (85%)
	Max brightness: 19200

Updated device 'intel_backlight':
Device 'intel_backlight' of class 'backlight':
	Current brightness: 15360 (80%)
	Max brightness: 19200

Updated device 'intel_backlight':
Device 'intel_backlight' of class 'backlight':
	Current brightness: 14400 (75%)
	Max brightness: 19200

Updated device 'intel_backlight':
Device 'intel_backlight' of class 'backlight':
	Current brightness: 13440 (70%)
	Max brightness: 19200

Updated device 'intel_backlight':
Device 'intel_backlight' of class 'backlight':
	Current brightness: 12480 (65%)
	Max brightness: 19200

Updated device 'intel_backlight':
Device 'intel_backlight' of class 'backlight':
	Current brightness: 11520 (60%)
	Max brightness: 19200

Updated device 'intel_backlight':
Device 'intel_backlight' of class 'backlight':
	Current brightness: 10560 (55%)
	Max brightness: 19200

Updated device 'intel_backlight':
Device 'intel_backlight' of class 'backlight':
	Current brightness: 9600 (50%)
	Max brightness: 19200

Updated device 'intel_backlight':
Device 'intel_backlight' of class 'backlight':
	Current brightness: 8640 (45%)
	Max brightness: 19200

Updated device 'intel_backlight':
Device 'intel_backlight' of class 'backlight':
	Current brightness: 7680 (40%)
	Max brightness: 19200

Updated device 'intel_backlight':
Device 'intel_backlight' of class 'backlight':
	Current brightness: 6720 (35%)
	Max brightness: 19200

Updated device 'intel_backlight':
Device 'intel_backlight' of class 'backlight':
	Current brightness: 5760 (30%)
	Max brightness: 19200

Updated device 'intel_backlight':
Device 'intel_backlight' of class 'backlight':
	Current brightness: 4800 (25%)
	Max brightness: 19200

Updated device 'intel_backlight':
Device 'intel_backlight' of class 'backlight':
	Current brightness: 3840 (20%)
	Max brightness: 19200

Updated device 'intel_backlight':
Device 'intel_backlight' of class 'backlight':
	Current brightness: 2880 (15%)
	Max brightness: 19200

Updated device 'intel_backlight':
Device 'intel_backlight' of class 'backlight':
	Current brightness: 1920 (10%)
	Max brightness: 19200

Updated device 'intel_backlight':
Device 'intel_backlight' of class 'backlight':
	Current brightness: 960 (5%)
	Max brightness: 19200

Updated device 'intel_backlight':
Device 'intel_backlight' of class 'backlight':
	Current brightness: 0 (0%)
	Max brightness: 19200

Updated device 'intel_backlight':
Device 'intel_backlight' of class 'backlight':
	Current brightness: 0 (0%)
	Max brightness: 19200

Updated device 'intel_backlight':
Device 'intel_backlight' of class 'backlight':
	Current brightness: 0 (0%)
	Max brightness: 19200

Updated device 'intel_backlight':
Device 'intel_backlight' of class 'backlight':
	Current brightness: 0 (0%)
	Max brightness: 19200

Updated device 'intel_backlight':
Device 'intel_backlight' of class 'backlight':
	Current brightness: 960 (5%)
	Max brightness: 19200

Updated device 'intel_backlight':
Device 'intel_backlight' of class 'backlight':
	Current brightness: 1920 (10%)
	Max brightness: 19200

Updated device 'intel_backlight':
Device 'intel_backlight' of class 'backlight':
	Current brightness: 2880 (15%)
	Max brightness: 19200

Updated device 'intel_backlight':
Device 'intel_backlight' of class 'backlight':
	Current brightness: 3840 (20%)
	Max brightness: 19200

Updated device 'intel_backlight':
Device 'intel_backlight' of class 'backlight':
	Current brightness: 4800 (25%)
	Max brightness: 19200

Updated device 'intel_backlight':
Device 'intel_backlight' of class 'backlight':
	Current brightness: 5760 (30%)
	Max brightness: 19200

Updated device 'intel_backlight':
Device 'intel_backlight' of class 'backlight':
	Current brightness: 6720 (35%)
	Max brightness: 19200

Updated device 'intel_backlight':
Device 'intel_backlight' of class 'backlight':
	Current brightness: 7680 (40%)
	Max brightness: 19200

Updated device 'intel_backlight':
Device 'intel_backlight' of class 'backlight':
	Current brightness: 8640 (45%)
	Max brightness: 19200

Updated device 'intel_backlight':
Device 'intel_backlight' of class 'backlight':
	Current brightness: 9600 (50%)
	Max brightness: 19200

Updated device 'intel_backlight':
Device 'intel_backlight' of class 'backlight':
	Current brightness: 10560 (55%)
	Max brightness: 19200

Updated device 'intel_backlight':
Device 'intel_backlight' of class 'backlight':
	Current brightness: 11520 (60%)
	Max brightness: 19200

Updated device 'intel_backlight':
Device 'intel_backlight' of class 'backlight':
	Current brightness: 12480 (65%)
	Max brightness: 19200

Updated device 'intel_backlight':
Device 'intel_backlight' of class 'backlight':
	Current brightness: 13440 (70%)
	Max brightness: 19200

Updated device 'intel_backlight':
Device 'intel_backlight' of class 'backlight':
	Current brightness: 14400 (75%)
	Max brightness: 19200

Updated device 'intel_backlight':
Device 'intel_backlight' of class 'backlight':
	Current brightness: 15360 (80%)
	Max brightness: 19200

Updated device 'intel_backlight':
Device 'intel_backlight' of class 'backlight':
	Current brightness: 16320 (85%)
	Max brightness: 19200

Updated device 'intel_backlight':
Device 'intel_backlight' of class 'backlight':
	Current brightness: 17280 (90%)
	Max brightness: 19200

Updated device 'intel_backlight':
Device 'intel_backlight' of class 'backlight':
	Current brightness: 18240 (95%)
	Max brightness: 19200

Updated device 'intel_backlight':
Device 'intel_backlight' of class 'backlight':
	Current brightness: 19200 (100%)
	Max brightness: 19200

Updated device 'intel_backlight':
Device 'intel_backlight' of class 'backlight':
	Current brightness: 19200 (100%)
	Max brightness: 19200

Updated device 'intel_backlight':
Device 'intel_backlight' of class 'backlight':
	Current brightness: 19200 (100%)
	Max brightness: 19200

Updated device 'intel_backlight':
Device 'intel_backlight' of class 'backlight':
	Current brightness: 19200 (100%)
	Max brightness: 19200

Updated device 'intel_backlight':
Device 'intel_backlight' of class 'backlight':
	Current brightness: 19200 (100%)
	Max brightness: 19200

Updated device 'intel_backlight':
Device 'intel_backlight' of class 'backlight':
	Current brightness: 19200 (100%)
	Max brightness: 19200

Updated device 'intel_backlight':
Device 'intel_backlight' of class 'backlight':
	Current brightness: 19200 (100%)
	Max brightness: 19200

Updated device 'intel_backlight':
Device 'intel_backlight' of class 'backlight':
	Current brightness: 19200 (100%)
	Max brightness: 19200

Updated device 'intel_backlight':
Device 'intel_backlight' of class 'backlight':
	Current brightness: 19200 (100%)
	Max brightness: 19200

Updated device 'intel_backlight':
Device 'intel_backlight' of class 'backlight':
	Current brightness: 19200 (100%)
	Max brightness: 19200

Updated device 'intel_backlight':
Device 'intel_backlight' of class 'backlight':
	Current brightness: 19200 (100%)
	Max brightness: 19200

Updated device 'intel_backlight':
Device 'intel_backlight' of class 'backlight':
	Current brightness: 19200 (100%)
	Max brightness: 19200

Updated device 'intel_backlight':
Device 'intel_backlight' of class 'backlight':
	Current brightness: 19200 (100%)
	Max brightness: 19200

Updated device 'intel_backlight':
Device 'intel_backlight' of class 'backlight':
	Current brightness: 19200 (100%)
	Max brightness: 19200

Updated device 'intel_backlight':
Device 'intel_backlight' of class 'backlight':
	Current brightness: 19200 (100%)
	Max brightness: 19200

Updated device 'intel_backlight':
Device 'intel_backlight' of class 'backlight':
	Current brightness: 19200 (100%)
	Max brightness: 19200

Updated device 'intel_backlight':
Device 'intel_backlight' of class 'backlight':
	Current brightness: 19200 (100%)
	Max brightness: 19200

Updated device 'intel_backlight':
Device 'intel_backlight' of class 'backlight':
	Current brightness: 19200 (100%)
	Max brightness: 19200

Updated device 'intel_backlight':
Device 'intel_backlight' of class 'backlight':
	Current brightness: 19200 (100%)
	Max brightness: 19200

Updated device 'intel_backlight':
Device 'intel_backlight' of class 'backlight':
	Current brightness: 19200 (100%)
	Max brightness: 19200

Updated device 'intel_backlight':
Device 'intel_backlight' of class 'backlight':
	Current brightness: 19200 (100%)
	Max brightness: 19200

Updated device 'intel_backlight':
Device 'intel_backlight' of class 'backlight':
	Current brightness: 19200 (100%)
	Max brightness: 19200

Updated device 'intel_backlight':
Device 'intel_backlight' of class 'backlight':
	Current brightness: 19200 (100%)
	Max brightness: 19200

Updated device 'intel_backlight':
Device 'intel_backlight' of class 'backlight':
	Current brightness: 19200 (100%)
	Max brightness: 19200

Updated device 'intel_backlight':
Device 'intel_backlight' of class 'backlight':
	Current brightness: 19200 (100%)
	Max brightness: 19200

Updated device 'intel_backlight':
Device 'intel_backlight' of class 'backlight':
	Current brightness: 19200 (100%)
	Max brightness: 19200

Updated device 'intel_backlight':
Device 'intel_backlight' of class 'backlight':
	Current brightness: 19200 (100%)
	Max brightness: 19200

Updated device 'intel_backlight':
Device 'intel_backlight' of class 'backlight':
	Current brightness: 19200 (100%)
	Max brightness: 19200

Updated device 'intel_backlight':
Device 'intel_backlight' of class 'backlight':
	Current brightness: 19200 (100%)
	Max brightness: 19200

Updated device 'intel_backlight':
Device 'intel_backlight' of class 'backlight':
	Current brightness: 19200 (100%)
	Max brightness: 19200

Updated device 'intel_backlight':
Device 'intel_backlight' of class 'backlight':
	Current brightness: 19200 (100%)
	Max brightness: 19200

Updated device 'intel_backlight':
Device 'intel_backlight' of class 'backlight':
	Current brightness: 19200 (100%)
	Max brightness: 19200

Updated device 'intel_backlight':
Device 'intel_backlight' of class 'backlight':
	Current brightness: 19200 (100%)
	Max brightness: 19200

Updated device 'intel_backlight':
Device 'intel_backlight' of class 'backlight':
	Current brightness: 19200 (100%)
	Max brightness: 19200

Updated device 'intel_backlight':
Device 'intel_backlight' of class 'backlight':
	Current brightness: 19200 (100%)
	Max brightness: 19200

Updated device 'intel_backlight':
Device 'intel_backlight' of class 'backlight':
	Current brightness: 19200 (100%)
	Max brightness: 19200

Updated device 'intel_backlight':
Device 'intel_backlight' of class 'backlight':
	Current brightness: 19200 (100%)
	Max brightness: 19200

Updated device 'intel_backlight':
Device 'intel_backlight' of class 'backlight':
	Current brightness: 19200 (100%)
	Max brightness: 19200

Updated device 'intel_backlight':
Device 'intel_backlight' of class 'backlight':
	Current brightness: 19200 (100%)
	Max brightness: 19200

Updated device 'intel_backlight':
Device 'intel_backlight' of class 'backlight':
	Current brightness: 19200 (100%)
	Max brightness: 19200

Updated device 'intel_backlight':
Device 'intel_backlight' of class 'backlight':
	Current brightness: 18240 (95%)
	Max brightness: 19200

Updated device 'intel_backlight':
Device 'intel_backlight' of class 'backlight':
	Current brightness: 17280 (90%)
	Max brightness: 19200

Updated device 'intel_backlight':
Device 'intel_backlight' of class 'backlight':
	Current brightness: 16320 (85%)
	Max brightness: 19200

Updated device 'intel_backlight':
Device 'intel_backlight' of class 'backlight':
	Current brightness: 15360 (80%)
	Max brightness: 19200

Updated device 'intel_backlight':
Device 'intel_backlight' of class 'backlight':
	Current brightness: 14400 (75%)
	Max brightness: 19200

Updated device 'intel_backlight':
Device 'intel_backlight' of class 'backlight':
	Current brightness: 13440 (70%)
	Max brightness: 19200

Updated device 'intel_backlight':
Device 'intel_backlight' of class 'backlight':
	Current brightness: 12480 (65%)
	Max brightness: 19200

Updated device 'intel_backlight':
Device 'intel_backlight' of class 'backlight':
	Current brightness: 11520 (60%)
	Max brightness: 19200

Updated device 'intel_backlight':
Device 'intel_backlight' of class 'backlight':
	Current brightness: 10560 (55%)
	Max brightness: 19200

Updated device 'intel_backlight':
Device 'intel_backlight' of class 'backlight':
	Current brightness: 9600 (50%)
	Max brightness: 19200

Updated device 'intel_backlight':
Device 'intel_backlight' of class 'backlight':
	Current brightness: 8640 (45%)
	Max brightness: 19200

Updated device 'intel_backlight':
Device 'intel_backlight' of class 'backlight':
	Current brightness: 7680 (40%)
	Max brightness: 19200

Updated device 'intel_backlight':
Device 'intel_backlight' of class 'backlight':
	Current brightness: 6720 (35%)
	Max brightness: 19200

Updated device 'intel_backlight':
Device 'intel_backlight' of class 'backlight':
	Current brightness: 5760 (30%)
	Max brightness: 19200

Updated device 'intel_backlight':
Device 'intel_backlight' of class 'backlight':
	Current brightness: 4800 (25%)
	Max brightness: 19200

Updated device 'intel_backlight':
Device 'intel_backlight' of class 'backlight':
	Current brightness: 4800 (25%)
	Max brightness: 19200

Updated device 'intel_backlight':
Device 'intel_backlight' of class 'backlight':
	Current brightness: 3840 (20%)
	Max brightness: 19200

Updated device 'intel_backlight':
Device 'intel_backlight' of class 'backlight':
	Current brightness: 2880 (15%)
	Max brightness: 19200

Updated device 'intel_backlight':
Device 'intel_backlight' of class 'backlight':
	Current brightness: 1920 (10%)
	Max brightness: 19200

Updated device 'intel_backlight':
Device 'intel_backlight' of class 'backlight':
	Current brightness: 960 (5%)
	Max brightness: 19200

Updated device 'intel_backlight':
Device 'intel_backlight' of class 'backlight':
	Current brightness: 0 (0%)
	Max brightness: 19200

Updated device 'intel_backlight':
Device 'intel_backlight' of class 'backlight':
	Current brightness: 0 (0%)
	Max brightness: 19200

Updated device 'intel_backlight':
Device 'intel_backlight' of class 'backlight':
	Current brightness: 0 (0%)
	Max brightness: 19200

Updated device 'intel_backlight':
Device 'intel_backlight' of class 'backlight':
	Current brightness: 0 (0%)
	Max brightness: 19200

Updated device 'intel_backlight':
Device 'intel_backlight' of class 'backlight':
	Current brightness: 960 (5%)
	Max brightness: 19200

Updated device 'intel_backlight':
Device 'intel_backlight' of class 'backlight':
	Current brightness: 960 (5%)
	Max brightness: 19200

Updated device 'intel_backlight':
Device 'intel_backlight' of class 'backlight':
	Current brightness: 1920 (10%)
	Max brightness: 19200

Updated device 'intel_backlight':
Device 'intel_backlight' of class 'backlight':
	Current brightness: 2880 (15%)
	Max brightness: 19200

Updated device 'intel_backlight':
Device 'intel_backlight' of class 'backlight':
	Current brightness: 3840 (20%)
	Max brightness: 19200

Updated device 'intel_backlight':
Device 'intel_backlight' of class 'backlight':
	Current brightness: 4800 (25%)
	Max brightness: 19200

Updated device 'intel_backlight':
Device 'intel_backlight' of class 'backlight':
	Current brightness: 5760 (30%)
	Max brightness: 19200

Updated device 'intel_backlight':
Device 'intel_backlight' of class 'backlight':
	Current brightness: 6720 (35%)
	Max brightness: 19200

Updated device 'intel_backlight':
Device 'intel_backlight' of class 'backlight':
	Current brightness: 7680 (40%)
	Max brightness: 19200

Updated device 'intel_backlight':
Device 'intel_backlight' of class 'backlight':
	Current brightness: 8640 (45%)
	Max brightness: 19200

Updated device 'intel_backlight':
Device 'intel_backlight' of class 'backlight':
	Current brightness: 9600 (50%)
	Max brightness: 19200

Updated device 'intel_backlight':
Device 'intel_backlight' of class 'backlight':
	Current brightness: 10560 (55%)
	Max brightness: 19200

Updated device 'intel_backlight':
Device 'intel_backlight' of class 'backlight':
	Current brightness: 11520 (60%)
	Max brightness: 19200

Updated device 'intel_backlight':
Device 'intel_backlight' of class 'backlight':
	Current brightness: 12480 (65%)
	Max brightness: 19200

Updated device 'intel_backlight':
Device 'intel_backlight' of class 'backlight':
	Current brightness: 13440 (70%)
	Max brightness: 19200

Updated device 'intel_backlight':
Device 'intel_backlight' of class 'backlight':
	Current brightness: 14400 (75%)
	Max brightness: 19200

Updated device 'intel_backlight':
Device 'intel_backlight' of class 'backlight':
	Current brightness: 15360 (80%)
	Max brightness: 19200

Updated device 'intel_backlight':
Device 'intel_backlight' of class 'backlight':
	Current brightness: 16320 (85%)
	Max brightness: 19200

Updated device 'intel_backlight':
Device 'intel_backlight' of class 'backlight':
	Current brightness: 17280 (90%)
	Max brightness: 19200

Updated device 'intel_backlight':
Device 'intel_backlight' of class 'backlight':
	Current brightness: 18240 (95%)
	Max brightness: 19200

Updated device 'intel_backlight':
Device 'intel_backlight' of class 'backlight':
	Current brightness: 19200 (100%)
	Max brightness: 19200

Updated device 'intel_backlight':
Device 'intel_backlight' of class 'backlight':
	Current brightness: 19200 (100%)
	Max brightness: 19200

Updated device 'intel_backlight':
Device 'intel_backlight' of class 'backlight':
	Current brightness: 19200 (100%)
	Max brightness: 19200

Updated device 'intel_backlight':
Device 'intel_backlight' of class 'backlight':
	Current brightness: 19200 (100%)
	Max brightness: 19200

Updated device 'intel_backlight':
Device 'intel_backlight' of class 'backlight':
	Current brightness: 19200 (100%)
	Max brightness: 19200

Updated device 'intel_backlight':
Device 'intel_backlight' of class 'backlight':
	Current brightness: 19200 (100%)
	Max brightness: 19200

Updated device 'intel_backlight':
Device 'intel_backlight' of class 'backlight':
	Current brightness: 19200 (100%)
	Max brightness: 19200

Updated device 'intel_backlight':
Device 'intel_backlight' of class 'backlight':
	Current brightness: 19200 (100%)
	Max brightness: 19200

Updated device 'intel_backlight':
Device 'intel_backlight' of class 'backlight':
	Current brightness: 19200 (100%)
	Max brightness: 19200

Updated device 'intel_backlight':
Device 'intel_backlight' of class 'backlight':
	Current brightness: 19200 (100%)
	Max brightness: 19200

Updated device 'intel_backlight':
Device 'intel_backlight' of class 'backlight':
	Current brightness: 19200 (100%)
	Max brightness: 19200

Updated device 'intel_backlight':
Device 'intel_backlight' of class 'backlight':
	Current brightness: 19200 (100%)
	Max brightness: 19200

Updated device 'intel_backlight':
Device 'intel_backlight' of class 'backlight':
	Current brightness: 19200 (100%)
	Max brightness: 19200

Updated device 'intel_backlight':
Device 'intel_backlight' of class 'backlight':
	Current brightness: 19200 (100%)
	Max brightness: 19200

Updated device 'intel_backlight':
Device 'intel_backlight' of class 'backlight':
	Current brightness: 19200 (100%)
	Max brightness: 19200

Updated device 'intel_backlight':
Device 'intel_backlight' of class 'backlight':
	Current brightness: 19200 (100%)
	Max brightness: 19200

Updated device 'intel_backlight':
Device 'intel_backlight' of class 'backlight':
	Current brightness: 19200 (100%)
	Max brightness: 19200

Updated device 'intel_backlight':
Device 'intel_backlight' of class 'backlight':
	Current brightness: 19200 (100%)
	Max brightness: 19200

Updated device 'intel_backlight':
Device 'intel_backlight' of class 'backlight':
	Current brightness: 19200 (100%)
	Max brightness: 19200

Updated device 'intel_backlight':
Device 'intel_backlight' of class 'backlight':
	Current brightness: 19200 (100%)
	Max brightness: 19200

Updated device 'intel_backlight':
Device 'intel_backlight' of class 'backlight':
	Current brightness: 18240 (95%)
	Max brightness: 19200

Updated device 'intel_backlight':
Device 'intel_backlight' of class 'backlight':
	Current brightness: 17280 (90%)
	Max brightness: 19200

Updated device 'intel_backlight':
Device 'intel_backlight' of class 'backlight':
	Current brightness: 16320 (85%)
	Max brightness: 19200

Updated device 'intel_backlight':
Device 'intel_backlight' of class 'backlight':
	Current brightness: 15360 (80%)
	Max brightness: 19200

Updated device 'intel_backlight':
Device 'intel_backlight' of class 'backlight':
	Current brightness: 14400 (75%)
	Max brightness: 19200

[2025-03-03 15:13:59.374] [info] Hyprland config reloaded, reinitializing hyprland/workspaces module...
[2025-03-03 15:13:59.388] [info] Loading persistent workspaces from Hyprland workspace rules
[2025-03-03 15:14:15.288] [info] Hyprland config reloaded, reinitializing hyprland/workspaces module...
[2025-03-03 15:14:15.289] [info] Loading persistent workspaces from Hyprland workspace rules
[2025-03-03 15:15:43.326] [info] Bar configured (width: 1920, height: 35) for output: eDP-1
[2025-03-03 15:15:43.335] [info] Bar removed from output: eDP-1
[2025-03-03 15:15:55.009] [info] Loading persistent workspaces from Hyprland workspace rules
[2025-03-03 15:15:55.011] [warning] module swaync: Unknown module: swaync
[2025-03-03 15:15:55.013] [info] Bar configured (width: 3225, height: 35) for output: DP-2
[2025-03-03 15:15:59.387] [info] Loading persistent workspaces from Hyprland workspace rules
[2025-03-03 15:15:59.393] [warning] module swaync: Unknown module: swaync
[2025-03-03 15:15:59.411] [info] Bar configured (width: 1536, height: 35) for output: eDP-1
[2025-03-03 15:15:59.909] [info] Bar configured (width: 1536, height: 35) for output: eDP-1
[2025-03-03 15:15:59.932] [info] Bar removed from output: eDP-1
[2025-03-03 15:16:07.426] [info] Loading persistent workspaces from Hyprland workspace rules
[2025-03-03 15:16:07.431] [warning] module swaync: Unknown module: swaync
[2025-03-03 15:16:07.446] [info] Bar configured (width: 1536, height: 35) for output: eDP-1
Updated device 'intel_backlight':
Device 'intel_backlight' of class 'backlight':
	Current brightness: 16320 (85%)
	Max brightness: 19200

Updated device 'intel_backlight':
Device 'intel_backlight' of class 'backlight':
	Current brightness: 17280 (90%)
	Max brightness: 19200

Updated device 'intel_backlight':
Device 'intel_backlight' of class 'backlight':
	Current brightness: 18240 (95%)
	Max brightness: 19200

Updated device 'intel_backlight':
Device 'intel_backlight' of class 'backlight':
	Current brightness: 19200 (100%)
	Max brightness: 19200

Updated device 'intel_backlight':
Device 'intel_backlight' of class 'backlight':
	Current brightness: 19200 (100%)
	Max brightness: 19200

Updated device 'intel_backlight':
Device 'intel_backlight' of class 'backlight':
	Current brightness: 19200 (100%)
	Max brightness: 19200

Updated device 'intel_backlight':
Device 'intel_backlight' of class 'backlight':
	Current brightness: 19200 (100%)
	Max brightness: 19200

Updated device 'intel_backlight':
Device 'intel_backlight' of class 'backlight':
	Current brightness: 19200 (100%)
	Max brightness: 19200

Updated device 'intel_backlight':
Device 'intel_backlight' of class 'backlight':
	Current brightness: 19200 (100%)
	Max brightness: 19200

Updated device 'intel_backlight':
Device 'intel_backlight' of class 'backlight':
	Current brightness: 19200 (100%)
	Max brightness: 19200

Updated device 'intel_backlight':
Device 'intel_backlight' of class 'backlight':
	Current brightness: 19200 (100%)
	Max brightness: 19200

Updated device 'intel_backlight':
Device 'intel_backlight' of class 'backlight':
	Current brightness: 19200 (100%)
	Max brightness: 19200

Updated device 'intel_backlight':
Device 'intel_backlight' of class 'backlight':
	Current brightness: 19200 (100%)
	Max brightness: 19200

Updated device 'intel_backlight':
Device 'intel_backlight' of class 'backlight':
	Current brightness: 19200 (100%)
	Max brightness: 19200

Updated device 'intel_backlight':
Device 'intel_backlight' of class 'backlight':
	Current brightness: 19200 (100%)
	Max brightness: 19200

Updated device 'intel_backlight':
Device 'intel_backlight' of class 'backlight':
	Current brightness: 19200 (100%)
	Max brightness: 19200

Updated device 'intel_backlight':
Device 'intel_backlight' of class 'backlight':
	Current brightness: 19200 (100%)
	Max brightness: 19200

Updated device 'intel_backlight':
Device 'intel_backlight' of class 'backlight':
	Current brightness: 19200 (100%)
	Max brightness: 19200

Updated device 'intel_backlight':
Device 'intel_backlight' of class 'backlight':
	Current brightness: 19200 (100%)
	Max brightness: 19200

Updated device 'intel_backlight':
Device 'intel_backlight' of class 'backlight':
	Current brightness: 19200 (100%)
	Max brightness: 19200

Updated device 'intel_backlight':
Device 'intel_backlight' of class 'backlight':
	Current brightness: 19200 (100%)
	Max brightness: 19200

Updated device 'intel_backlight':
Device 'intel_backlight' of class 'backlight':
	Current brightness: 19200 (100%)
	Max brightness: 19200

Updated device 'intel_backlight':
Device 'intel_backlight' of class 'backlight':
	Current brightness: 18240 (95%)
	Max brightness: 19200

Updated device 'intel_backlight':
Device 'intel_backlight' of class 'backlight':
	Current brightness: 17280 (90%)
	Max brightness: 19200

Updated device 'intel_backlight':
Device 'intel_backlight' of class 'backlight':
	Current brightness: 16320 (85%)
	Max brightness: 19200

Updated device 'intel_backlight':
Device 'intel_backlight' of class 'backlight':
	Current brightness: 15360 (80%)
	Max brightness: 19200

